<?xml version="1.0" encoding="UTF-8"?>
<!-- Generated by org.testng.reporters.JUnitReportReporter -->
<testsuite hostname="DESKTOP-A1UT1FC" failures="0" tests="2" name="Rest_Testing.Test_NG" time="0.015" errors="0" timestamp="15 Mar 2022 14:13:25 GMT">
  <testcase classname="Rest_Testing.Test_NG" name="TestCase1" time="0.012"/>
  <testcase classname="Rest_Testing.Test_NG" name="TestCase2" time="0.003"/>
</testsuite> <!-- Rest_Testing.Test_NG -->
