<?xml version="1.0" encoding="UTF-8"?>
<!-- Generated by org.testng.reporters.JUnitReportReporter -->
<testsuite hostname="DESKTOP-A1UT1FC" failures="0" tests="3" name="Rest_Testing.rest_assured" time="5.387" errors="0" timestamp="15 Mar 2022 14:28:36 GMT">
  <testcase classname="Rest_Testing.rest_assured" name="createBoard" time="4.051"/>
  <testcase classname="Rest_Testing.rest_assured" name="getBoard" time="0.601"/>
  <testcase classname="Rest_Testing.rest_assured" name="DeleteBoard" time="0.735"/>
</testsuite> <!-- Rest_Testing.rest_assured -->
