<?xml version="1.0" encoding="UTF-8"?>
<!-- Generated by org.testng.reporters.JUnitReportReporter -->
<testsuite hostname="DESKTOP-A1UT1FC" failures="0" tests="4" name="Rest_Testing.ecommerce" time="15.622" errors="0" timestamp="16 Mar 2022 16:48:31 GMT">
  <testcase classname="Rest_Testing.ecommerce" name="signup" time="7.428"/>
  <testcase classname="Rest_Testing.ecommerce" name="Login" time="3.935"/>
  <testcase classname="Rest_Testing.ecommerce" name="delete" time="1.620"/>
  <testcase classname="Rest_Testing.ecommerce" name="getallusers" time="2.639"/>
</testsuite> <!-- Rest_Testing.ecommerce -->
